001021;1;08:10:00;22:11:10
001023;1;08:05:20;23:00:36
001022;1;07:58:40;21:59:10
001023;2;06:59:22;23:10:46
001021;2;08:10:10;21:11:10
001022;2;07:53:43;23:59:10
001023;3;08:09:27;20:00:22
001022;3;07:53:43;23:59:10
001021;3;08:10:10;21:11:10
001023;4;08:09:27;20:00:22
001022;4;07:53:43;23:59:10
001021;4;08:10:10;21:11:10
001023;5;08:09:27;20:00:22
001022;5;07:53:43;23:59:10
001021;5;08:10:10;21:11:10
001023;6;08:09:27;20:00:22
001022;6;07:53:43;23:59:10
001021;6;08:10:10;22:11:10
001023;7;08:09:27;20:00:22
001022;7;07:53:43;23:59:10
001021;7;08:10:10;22:11:10
001023;8;08:09:27;20:00:22
001022;8;07:53:43;23:59:10
001023;8;08:10:10;22:11:10
001021;9;08:09:27;20:00:22
001021;9;07:53:43;23:59:10
001022;9;08:10:10;22:11:10
001023;10;08:09:27;20:00:22
001022;10;07:53:43;23:59:10
001021;10;08:10:10;21:11:10
001023;11;08:09:27;20:00:22
001021;11;07:53:43;23:59:10
001022;11;08:10:10;21:11:10
001021;12;08:09:27;20:00:22
001022;12;07:53:43;23:59:10
001023;12;08:10:10;21:11:10
001023;13;08:09:27;21:22:10
001022;13;07:53:43;21:22:10
001021;13;08:10:10;21:11:10